<?xml version="1.0" encoding="UTF-8"?>
<testng-results ignored="0" total="1" passed="1" failed="0" skipped="0">
  <reporter-output>
  </reporter-output>
  <suite started-at="2025-07-08T10:36:23 IST" name="Default suite" finished-at="2025-07-08T10:37:37 IST" duration-ms="74813">
    <groups>
      <group name="cucumber">
        <method signature="AbstractTestNGCucumberTests.runScenario(io.cucumber.testng.PickleWrapper,io.cucumber.testng.FeatureWrapper)[pri:0, instance:com.runner.TestRunner@239a307b]" name="runScenario" class="io.cucumber.testng.AbstractTestNGCucumberTests"/>
      </group> <!-- cucumber -->
    </groups>
    <test started-at="2025-07-08T10:36:23 IST" name="Default test" finished-at="2025-07-08T10:37:37 IST" duration-ms="74813">
      <class name="com.runner.TestRunner">
        <test-method is-config="true" signature="setUpClass(org.testng.ITestContext)[pri:0, instance:com.runner.TestRunner@239a307b]" started-at="2025-07-08T10:36:23 IST" name="setUpClass" finished-at="2025-07-08T10:36:24 IST" duration-ms="1170" status="PASS">
          <params>
            <param index="0">
              <value>
                <![CDATA[org.testng.TestRunner@5384ce66]]>
              </value>
            </param>
          </params>
          <reporter-output>
          </reporter-output>
        </test-method> <!-- setUpClass -->
        <test-method signature="runScenario(io.cucumber.testng.PickleWrapper,io.cucumber.testng.FeatureWrapper)[pri:0, instance:com.runner.TestRunner@239a307b]" started-at="2025-07-08T10:36:24 IST" name="runScenario" description="Runs Cucumber Scenarios" data-provider="scenarios" finished-at="2025-07-08T10:37:37 IST" duration-ms="73507" status="PASS">
          <params>
            <param index="0">
              <value>
                <![CDATA["Verify sending connection request from 'People You May Know'"]]>
              </value>
            </param>
            <param index="1">
              <value>
                <![CDATA["Send Connection Request from 'People You May Know'"]]>
              </value>
            </param>
          </params>
          <reporter-output>
          </reporter-output>
        </test-method> <!-- runScenario -->
        <test-method is-config="true" signature="tearDownClass()[pri:0, instance:com.runner.TestRunner@239a307b]" started-at="2025-07-08T10:37:37 IST" name="tearDownClass" finished-at="2025-07-08T10:37:37 IST" duration-ms="84" status="PASS">
          <reporter-output>
          </reporter-output>
        </test-method> <!-- tearDownClass -->
      </class> <!-- com.runner.TestRunner -->
    </test> <!-- Default test -->
  </suite> <!-- Default suite -->
</testng-results>
