<?xml version="1.0" encoding="UTF-8"?>
<testng-results ignored="0" total="6" passed="5" failed="1" skipped="0">
  <reporter-output>
  </reporter-output>
  <suite started-at="2025-07-10T15:53:31 IST" name="Default suite" finished-at="2025-07-10T15:56:21 IST" duration-ms="169237">
    <groups>
      <group name="cucumber">
        <method signature="AbstractTestNGCucumberTests.runScenario(io.cucumber.testng.PickleWrapper,io.cucumber.testng.FeatureWrapper)[pri:0, instance:com.runner.RunnerWithTestNG@23e84203]" name="runScenario" class="io.cucumber.testng.AbstractTestNGCucumberTests"/>
      </group> <!-- cucumber -->
    </groups>
    <test started-at="2025-07-10T15:53:31 IST" name="Default test" finished-at="2025-07-10T15:56:21 IST" duration-ms="169237">
      <class name="com.runner.RunnerWithTestNG">
        <test-method is-config="true" signature="setUpClass(org.testng.ITestContext)[pri:0, instance:com.runner.RunnerWithTestNG@23e84203]" started-at="2025-07-10T15:53:31 IST" name="setUpClass" finished-at="2025-07-10T15:53:32 IST" duration-ms="298" status="PASS">
          <params>
            <param index="0">
              <value>
                <![CDATA[org.testng.TestRunner@3cacc87]]>
              </value>
            </param>
          </params>
          <reporter-output>
          </reporter-output>
        </test-method> <!-- setUpClass -->
        <test-method signature="runScenario(io.cucumber.testng.PickleWrapper,io.cucumber.testng.FeatureWrapper)[pri:0, instance:com.runner.RunnerWithTestNG@23e84203]" started-at="2025-07-10T15:53:32 IST" name="runScenario" description="Runs Cucumber Scenarios" data-provider="scenarios" finished-at="2025-07-10T15:54:03 IST" duration-ms="31393" status="PASS">
          <params>
            <param index="0">
              <value>
                <![CDATA["Verify profile seach using LinkedIn search bar"]]>
              </value>
            </param>
            <param index="1">
              <value>
                <![CDATA["LinkedIn Functional of Search and HomePage"]]>
              </value>
            </param>
          </params>
          <reporter-output>
          </reporter-output>
        </test-method> <!-- runScenario -->
        <test-method signature="runScenario(io.cucumber.testng.PickleWrapper,io.cucumber.testng.FeatureWrapper)[pri:0, instance:com.runner.RunnerWithTestNG@23e84203]" started-at="2025-07-10T15:54:03 IST" name="runScenario" description="Runs Cucumber Scenarios" data-provider="scenarios" finished-at="2025-07-10T15:54:32 IST" duration-ms="28402" status="FAIL">
          <params>
            <param index="0">
              <value>
                <![CDATA["Validating job search results contains the searched keyword"]]>
              </value>
            </param>
            <param index="1">
              <value>
                <![CDATA["LinkedIn Functional of Search and HomePage"]]>
              </value>
            </param>
          </params>
          <exception class="org.openqa.selenium.StaleElementReferenceException">
            <message>
              <![CDATA[stale element reference: stale element not found in the current frame
  (Session info: chrome=138.0.7204.97)
For documentation on this error, please visit: https://www.selenium.dev/documentation/webdriver/troubleshooting/errors#stale-element-reference-exception
Build info: version: '4.34.0', revision: '707dcb4246*'
System info: os.name: 'Windows 11', os.arch: 'amd64', os.version: '10.0', java.version: '17.0.15'
Driver info: org.openqa.selenium.chrome.ChromeDriver
Command: [e08dc0f6cebd92d4cb039da5dd384687, getElementText {id=f.FD5DD01AD9F0D0C4940739288AC31AC8.d.58B3F453D89BA37745DD39768CB6676D.e.210}]
Capabilities {acceptInsecureCerts: false, browserName: chrome, browserVersion: 138.0.7204.97, chrome: {chromedriverVersion: 138.0.7204.94 (545025748884..., userDataDir: C:\Users\raghav\AppData\Loc...}, fedcm:accounts: true, goog:chromeOptions: {debuggerAddress: localhost:50480}, networkConnectionEnabled: false, pageLoadStrategy: normal, platformName: windows, proxy: Proxy(), se:cdp: ws://localhost:50480/devtoo..., se:cdpVersion: 138.0.7204.97, setWindowRect: true, strictFileInteractability: false, timeouts: {implicit: 0, pageLoad: 300000, script: 30000}, unhandledPromptBehavior: dismiss and notify, webauthn:extension:credBlob: true, webauthn:extension:largeBlob: true, webauthn:extension:minPinLength: true, webauthn:extension:prf: true, webauthn:virtualAuthenticators: true}
Element: [[ChromeDriver: chrome on windows (e08dc0f6cebd92d4cb039da5dd384687)] -> xpath: //ul[@class="YKRAYdObqkMyyrFNGgdKfQDJDiTDWQ"]/li/div/div/div[1]/div[1]/div[2]/div[2]/span]
Session ID: e08dc0f6cebd92d4cb039da5dd384687]]>
            </message>
            <full-stacktrace>
              <![CDATA[org.openqa.selenium.StaleElementReferenceException: stale element reference: stale element not found in the current frame
  (Session info: chrome=138.0.7204.97)
For documentation on this error, please visit: https://www.selenium.dev/documentation/webdriver/troubleshooting/errors#stale-element-reference-exception
Build info: version: '4.34.0', revision: '707dcb4246*'
System info: os.name: 'Windows 11', os.arch: 'amd64', os.version: '10.0', java.version: '17.0.15'
Driver info: org.openqa.selenium.chrome.ChromeDriver
Command: [e08dc0f6cebd92d4cb039da5dd384687, getElementText {id=f.FD5DD01AD9F0D0C4940739288AC31AC8.d.58B3F453D89BA37745DD39768CB6676D.e.210}]
Capabilities {acceptInsecureCerts: false, browserName: chrome, browserVersion: 138.0.7204.97, chrome: {chromedriverVersion: 138.0.7204.94 (545025748884..., userDataDir: C:\Users\raghav\AppData\Loc...}, fedcm:accounts: true, goog:chromeOptions: {debuggerAddress: localhost:50480}, networkConnectionEnabled: false, pageLoadStrategy: normal, platformName: windows, proxy: Proxy(), se:cdp: ws://localhost:50480/devtoo..., se:cdpVersion: 138.0.7204.97, setWindowRect: true, strictFileInteractability: false, timeouts: {implicit: 0, pageLoad: 300000, script: 30000}, unhandledPromptBehavior: dismiss and notify, webauthn:extension:credBlob: true, webauthn:extension:largeBlob: true, webauthn:extension:minPinLength: true, webauthn:extension:prf: true, webauthn:virtualAuthenticators: true}
Element: [[ChromeDriver: chrome on windows (e08dc0f6cebd92d4cb039da5dd384687)] -> xpath: //ul[@class="YKRAYdObqkMyyrFNGgdKfQDJDiTDWQ"]/li/div/div/div[1]/div[1]/div[2]/div[2]/span]
Session ID: e08dc0f6cebd92d4cb039da5dd384687
at java.base/jdk.internal.reflect.NativeConstructorAccessorImpl.newInstance0(Native Method)
at java.base/jdk.internal.reflect.NativeConstructorAccessorImpl.newInstance(NativeConstructorAccessorImpl.java:77)
at java.base/jdk.internal.reflect.DelegatingConstructorAccessorImpl.newInstance(DelegatingConstructorAccessorImpl.java:45)
at java.base/java.lang.reflect.Constructor.newInstanceWithCaller(Constructor.java:500)
at java.base/java.lang.reflect.Constructor.newInstance(Constructor.java:481)
at org.openqa.selenium.remote.ErrorCodec.decode(ErrorCodec.java:167)
at org.openqa.selenium.remote.codec.w3c.W3CHttpResponseCodec.decode(W3CHttpResponseCodec.java:138)
at org.openqa.selenium.remote.codec.w3c.W3CHttpResponseCodec.decode(W3CHttpResponseCodec.java:50)
at org.openqa.selenium.remote.HttpCommandExecutor.execute(HttpCommandExecutor.java:215)
at org.openqa.selenium.remote.service.DriverCommandExecutor.invokeExecute(DriverCommandExecutor.java:216)
at org.openqa.selenium.remote.service.DriverCommandExecutor.execute(DriverCommandExecutor.java:174)
at org.openqa.selenium.remote.RemoteWebDriver.execute(RemoteWebDriver.java:544)
at org.openqa.selenium.remote.RemoteWebElement.execute(RemoteWebElement.java:223)
at org.openqa.selenium.remote.RemoteWebElement.getText(RemoteWebElement.java:191)
at com.pages.SearchPageFac.getAllJobCompanyNames(SearchPageFac.java:64)
at com.pages.SearchPageFac.jobIsDisplayed(SearchPageFac.java:75)
at com.stepDefinition.LinkedInSteps.at_least_one_job_should_appear_in_the_result(LinkedInSteps.java:92)
at ✽.At least one job should appear in the result(file:///C:/Users/raghav/OneDrive%20-%20Capgemini/Sprint%20Selenium%20Project/seleniumSprintProject/src/test/resources/Features/Homepage.feature:21)
]]>
            </full-stacktrace>
          </exception> <!-- org.openqa.selenium.StaleElementReferenceException -->
          <reporter-output>
          </reporter-output>
        </test-method> <!-- runScenario -->
        <test-method signature="runScenario(io.cucumber.testng.PickleWrapper,io.cucumber.testng.FeatureWrapper)[pri:0, instance:com.runner.RunnerWithTestNG@23e84203]" started-at="2025-07-10T15:54:32 IST" name="runScenario" description="Runs Cucumber Scenarios" data-provider="scenarios" finished-at="2025-07-10T15:54:58 IST" duration-ms="26854" status="PASS">
          <params>
            <param index="0">
              <value>
                <![CDATA["Verify system response when searching with an invalid keyword"]]>
              </value>
            </param>
            <param index="1">
              <value>
                <![CDATA["LinkedIn Functional of Search and HomePage"]]>
              </value>
            </param>
          </params>
          <reporter-output>
          </reporter-output>
        </test-method> <!-- runScenario -->
        <test-method signature="runScenario(io.cucumber.testng.PickleWrapper,io.cucumber.testng.FeatureWrapper)[pri:0, instance:com.runner.RunnerWithTestNG@23e84203]" started-at="2025-07-10T15:54:58 IST" name="runScenario" description="Runs Cucumber Scenarios" data-provider="scenarios" finished-at="2025-07-10T15:55:29 IST" duration-ms="30161" status="PASS">
          <params>
            <param index="0">
              <value>
                <![CDATA["Verify that user can successfully post content on LinkedIn"]]>
              </value>
            </param>
            <param index="1">
              <value>
                <![CDATA["LinkedIn Functional of Search and HomePage"]]>
              </value>
            </param>
          </params>
          <reporter-output>
          </reporter-output>
        </test-method> <!-- runScenario -->
        <test-method signature="runScenario(io.cucumber.testng.PickleWrapper,io.cucumber.testng.FeatureWrapper)[pri:0, instance:com.runner.RunnerWithTestNG@23e84203]" started-at="2025-07-10T15:55:29 IST" name="runScenario" description="Runs Cucumber Scenarios" data-provider="scenarios" finished-at="2025-07-10T15:55:55 IST" duration-ms="26158" status="PASS">
          <params>
            <param index="0">
              <value>
                <![CDATA["Verify system shows error when user tries to post duplicate content"]]>
              </value>
            </param>
            <param index="1">
              <value>
                <![CDATA["LinkedIn Functional of Search and HomePage"]]>
              </value>
            </param>
          </params>
          <reporter-output>
          </reporter-output>
        </test-method> <!-- runScenario -->
        <test-method signature="runScenario(io.cucumber.testng.PickleWrapper,io.cucumber.testng.FeatureWrapper)[pri:0, instance:com.runner.RunnerWithTestNG@23e84203]" started-at="2025-07-10T15:55:55 IST" name="runScenario" description="Runs Cucumber Scenarios" data-provider="scenarios" finished-at="2025-07-10T15:56:21 IST" duration-ms="25902" status="PASS">
          <params>
            <param index="0">
              <value>
                <![CDATA["Verify that user can toggle Dark Mode preferance"]]>
              </value>
            </param>
            <param index="1">
              <value>
                <![CDATA["LinkedIn Functional of Search and HomePage"]]>
              </value>
            </param>
          </params>
          <reporter-output>
          </reporter-output>
        </test-method> <!-- runScenario -->
        <test-method is-config="true" signature="tearDownClass()[pri:0, instance:com.runner.RunnerWithTestNG@23e84203]" started-at="2025-07-10T15:56:21 IST" name="tearDownClass" finished-at="2025-07-10T15:56:21 IST" duration-ms="0" status="PASS">
          <reporter-output>
          </reporter-output>
        </test-method> <!-- tearDownClass -->
      </class> <!-- com.runner.RunnerWithTestNG -->
    </test> <!-- Default test -->
  </suite> <!-- Default suite -->
</testng-results>
