<?xml version="1.0" encoding="UTF-8"?>
<testng-results ignored="0" total="1" passed="1" failed="0" skipped="0">
  <reporter-output>
  </reporter-output>
  <suite started-at="2025-07-10T20:10:42 IST" name="Default suite" finished-at="2025-07-10T20:11:30 IST" duration-ms="47391">
    <groups>
      <group name="cucumber">
        <method signature="AbstractTestNGCucumberTests.runScenario(io.cucumber.testng.PickleWrapper,io.cucumber.testng.FeatureWrapper)[pri:0, instance:com.runner.TestRunnerTestNG@687e99d8]" name="runScenario" class="io.cucumber.testng.AbstractTestNGCucumberTests"/>
      </group> <!-- cucumber -->
    </groups>
    <test started-at="2025-07-10T20:10:42 IST" name="Default test" finished-at="2025-07-10T20:11:30 IST" duration-ms="47391">
      <class name="com.runner.TestRunnerTestNG">
        <test-method is-config="true" signature="setUpClass(org.testng.ITestContext)[pri:0, instance:com.runner.TestRunnerTestNG@687e99d8]" started-at="2025-07-10T20:10:42 IST" name="setUpClass" finished-at="2025-07-10T20:10:44 IST" duration-ms="1390" status="PASS">
          <params>
            <param index="0">
              <value>
                <![CDATA[org.testng.TestRunner@66f2ec1c]]>
              </value>
            </param>
          </params>
          <reporter-output>
          </reporter-output>
        </test-method> <!-- setUpClass -->
        <test-method signature="runScenario(io.cucumber.testng.PickleWrapper,io.cucumber.testng.FeatureWrapper)[pri:0, instance:com.runner.TestRunnerTestNG@687e99d8]" started-at="2025-07-10T20:10:44 IST" name="runScenario" description="Runs Cucumber Scenarios" data-provider="scenarios" finished-at="2025-07-10T20:11:28 IST" duration-ms="44419" status="PASS">
          <params>
            <param index="0">
              <value>
                <![CDATA["Search with invalid special characters in messaging panel"]]>
              </value>
            </param>
            <param index="1">
              <value>
                <![CDATA["MessagingModule"]]>
              </value>
            </param>
          </params>
          <reporter-output>
          </reporter-output>
        </test-method> <!-- runScenario -->
        <test-method is-config="true" signature="tearDownClass()[pri:0, instance:com.runner.TestRunnerTestNG@687e99d8]" started-at="2025-07-10T20:11:28 IST" name="tearDownClass" finished-at="2025-07-10T20:11:30 IST" duration-ms="1500" status="PASS">
          <reporter-output>
          </reporter-output>
        </test-method> <!-- tearDownClass -->
      </class> <!-- com.runner.TestRunnerTestNG -->
    </test> <!-- Default test -->
  </suite> <!-- Default suite -->
</testng-results>
