<?xml version="1.0" encoding="UTF-8"?>
<!-- Generated by org.testng.reporters.JUnitXMLReporter -->
<testsuite ignored="0" hostname="LIN-PF2WXT7B" failures="1" tests="1" name="Default test" time="34.914" errors="0" timestamp="2025-07-03T17:36:15 IST">
  <testcase classname="io.cucumber.testng.AbstractTestNGCucumberTests" name="runScenario" time="33.952">
    <failure type="io.cucumber.testng.UndefinedStepException" message="The step &amp;apos;I should see my home pageA&amp;apos; is undefined.
You can implement this step using the snippet(s) below:

@Then(&amp;quot;I should see my home pageA&amp;quot;)
public void i_should_see_my_home_page_a() {
    // Write code here that turns the phrase above into concrete actions
    throw new io.cucumber.java.PendingException();
}
">
      <![CDATA[io.cucumber.testng.UndefinedStepException: The step 'I should see my home pageA' is undefined.
You can implement this step using the snippet(s) below:

@Then("I should see my home pageA")
public void i_should_see_my_home_page_a() {
    // Write code here that turns the phrase above into concrete actions
    throw new io.cucumber.java.PendingException();
}

at ✽.I should see my home pageA(file:///C:/Users/BHAGADE/Documents/Submmition%20Project/SprintLinkedInProject/Spring%20Demo%20Project/sprintLinkedinDemoProject/src/test/resources/Features/Profile.feature:6)
]]>
    </failure>
  </testcase> <!-- runScenario -->
</testsuite> <!-- Default test -->
