<?xml version="1.0" encoding="UTF-8"?>
<testng-results ignored="0" total="3" passed="3" failed="0" skipped="0">
  <reporter-output>
  </reporter-output>
  <suite started-at="2025-07-04T17:13:06 IST" name="Default suite" finished-at="2025-07-04T17:14:56 IST" duration-ms="110805">
    <groups>
      <group name="cucumber">
        <method signature="AbstractTestNGCucumberTests.runScenario(io.cucumber.testng.PickleWrapper,io.cucumber.testng.FeatureWrapper)[pri:0, instance:com.runner.TestRunnerTestNG@687e99d8]" name="runScenario" class="io.cucumber.testng.AbstractTestNGCucumberTests"/>
      </group> <!-- cucumber -->
    </groups>
    <test started-at="2025-07-04T17:13:06 IST" name="Default test" finished-at="2025-07-04T17:14:56 IST" duration-ms="110805">
      <class name="com.runner.TestRunnerTestNG">
        <test-method is-config="true" signature="setUpClass(org.testng.ITestContext)[pri:0, instance:com.runner.TestRunnerTestNG@687e99d8]" started-at="2025-07-04T17:13:06 IST" name="setUpClass" finished-at="2025-07-04T17:13:06 IST" duration-ms="771" status="PASS">
          <params>
            <param index="0">
              <value>
                <![CDATA[org.testng.TestRunner@dbddbe3]]>
              </value>
            </param>
          </params>
          <reporter-output>
          </reporter-output>
        </test-method> <!-- setUpClass -->
        <test-method signature="runScenario(io.cucumber.testng.PickleWrapper,io.cucumber.testng.FeatureWrapper)[pri:0, instance:com.runner.TestRunnerTestNG@687e99d8]" started-at="2025-07-04T17:13:06 IST" name="runScenario" description="Runs Cucumber Scenarios" data-provider="scenarios" finished-at="2025-07-04T17:13:46 IST" duration-ms="39526" status="PASS">
          <params>
            <param index="0">
              <value>
                <![CDATA["Login to LinkedIn with valid credentials"]]>
              </value>
            </param>
            <param index="1">
              <value>
                <![CDATA["MessagingModule"]]>
              </value>
            </param>
          </params>
          <reporter-output>
          </reporter-output>
        </test-method> <!-- runScenario -->
        <test-method signature="runScenario(io.cucumber.testng.PickleWrapper,io.cucumber.testng.FeatureWrapper)[pri:0, instance:com.runner.TestRunnerTestNG@687e99d8]" started-at="2025-07-04T17:13:46 IST" name="runScenario" description="Runs Cucumber Scenarios" data-provider="scenarios" finished-at="2025-07-04T17:14:21 IST" duration-ms="34779" status="PASS">
          <params>
            <param index="0">
              <value>
                <![CDATA["Verify Messaging icon visibility"]]>
              </value>
            </param>
            <param index="1">
              <value>
                <![CDATA["MessagingModule"]]>
              </value>
            </param>
          </params>
          <reporter-output>
          </reporter-output>
        </test-method> <!-- runScenario -->
        <test-method signature="runScenario(io.cucumber.testng.PickleWrapper,io.cucumber.testng.FeatureWrapper)[pri:0, instance:com.runner.TestRunnerTestNG@687e99d8]" started-at="2025-07-04T17:14:21 IST" name="runScenario" description="Runs Cucumber Scenarios" data-provider="scenarios" finished-at="2025-07-04T17:14:56 IST" duration-ms="35514" status="PASS">
          <params>
            <param index="0">
              <value>
                <![CDATA["Click the messaging icon"]]>
              </value>
            </param>
            <param index="1">
              <value>
                <![CDATA["MessagingModule"]]>
              </value>
            </param>
          </params>
          <reporter-output>
          </reporter-output>
        </test-method> <!-- runScenario -->
        <test-method is-config="true" signature="tearDownClass()[pri:0, instance:com.runner.TestRunnerTestNG@687e99d8]" started-at="2025-07-04T17:14:56 IST" name="tearDownClass" finished-at="2025-07-04T17:14:56 IST" duration-ms="133" status="PASS">
          <reporter-output>
          </reporter-output>
        </test-method> <!-- tearDownClass -->
      </class> <!-- com.runner.TestRunnerTestNG -->
    </test> <!-- Default test -->
  </suite> <!-- Default suite -->
</testng-results>
