<?xml version="1.0" encoding="UTF-8"?>
<testng-results ignored="0" total="6" passed="5" failed="1" skipped="0">
  <reporter-output>
  </reporter-output>
  <suite started-at="2025-07-09T22:12:06 IST" name="Default suite" finished-at="2025-07-09T22:18:24 IST" duration-ms="377131">
    <groups>
      <group name="cucumber">
        <method signature="AbstractTestNGCucumberTests.runScenario(io.cucumber.testng.PickleWrapper,io.cucumber.testng.FeatureWrapper)[pri:0, instance:com.runner.LinkedInRunnerWithTestNG@15888343]" name="runScenario" class="io.cucumber.testng.AbstractTestNGCucumberTests"/>
      </group> <!-- cucumber -->
    </groups>
    <test started-at="2025-07-09T22:12:06 IST" name="Default test" finished-at="2025-07-09T22:18:24 IST" duration-ms="377131">
      <class name="com.runner.LinkedInRunnerWithTestNG">
        <test-method is-config="true" signature="setUpClass(org.testng.ITestContext)[pri:0, instance:com.runner.LinkedInRunnerWithTestNG@15888343]" started-at="2025-07-09T22:12:06 IST" name="setUpClass" finished-at="2025-07-09T22:12:07 IST" duration-ms="987" status="PASS">
          <params>
            <param index="0">
              <value>
                <![CDATA[org.testng.TestRunner@4a49919c]]>
              </value>
            </param>
          </params>
          <reporter-output>
          </reporter-output>
        </test-method> <!-- setUpClass -->
        <test-method signature="runScenario(io.cucumber.testng.PickleWrapper,io.cucumber.testng.FeatureWrapper)[pri:0, instance:com.runner.LinkedInRunnerWithTestNG@15888343]" started-at="2025-07-09T22:12:07 IST" name="runScenario" description="Runs Cucumber Scenarios" data-provider="scenarios" finished-at="2025-07-09T22:12:58 IST" duration-ms="50167" status="PASS">
          <params>
            <param index="0">
              <value>
                <![CDATA["Validate edit intro icon and its fields with invalid data"]]>
              </value>
            </param>
            <param index="1">
              <value>
                <![CDATA["Validate LinkedIn Profile"]]>
              </value>
            </param>
          </params>
          <reporter-output>
          </reporter-output>
        </test-method> <!-- runScenario -->
        <test-method signature="runScenario(io.cucumber.testng.PickleWrapper,io.cucumber.testng.FeatureWrapper)[pri:0, instance:com.runner.LinkedInRunnerWithTestNG@15888343]" started-at="2025-07-09T22:12:58 IST" name="runScenario" description="Runs Cucumber Scenarios" data-provider="scenarios" finished-at="2025-07-09T22:13:41 IST" duration-ms="43280" status="PASS">
          <params>
            <param index="0">
              <value>
                <![CDATA["Validate edit intro icon and its fields with valid data"]]>
              </value>
            </param>
            <param index="1">
              <value>
                <![CDATA["Validate LinkedIn Profile"]]>
              </value>
            </param>
          </params>
          <reporter-output>
          </reporter-output>
        </test-method> <!-- runScenario -->
        <test-method signature="runScenario(io.cucumber.testng.PickleWrapper,io.cucumber.testng.FeatureWrapper)[pri:0, instance:com.runner.LinkedInRunnerWithTestNG@15888343]" started-at="2025-07-09T22:13:41 IST" name="runScenario" description="Runs Cucumber Scenarios" data-provider="scenarios" finished-at="2025-07-09T22:15:16 IST" duration-ms="95271" status="PASS">
          <params>
            <param index="0">
              <value>
                <![CDATA["Validate Add profile section and its fields with invalid data"]]>
              </value>
            </param>
            <param index="1">
              <value>
                <![CDATA["Validate LinkedIn Profile"]]>
              </value>
            </param>
          </params>
          <reporter-output>
          </reporter-output>
        </test-method> <!-- runScenario -->
        <test-method signature="runScenario(io.cucumber.testng.PickleWrapper,io.cucumber.testng.FeatureWrapper)[pri:0, instance:com.runner.LinkedInRunnerWithTestNG@15888343]" started-at="2025-07-09T22:15:16 IST" name="runScenario" description="Runs Cucumber Scenarios" data-provider="scenarios" finished-at="2025-07-09T22:16:21 IST" duration-ms="64881" status="FAIL">
          <params>
            <param index="0">
              <value>
                <![CDATA["Validate Add profile section and its fields with valid data"]]>
              </value>
            </param>
            <param index="1">
              <value>
                <![CDATA["Validate LinkedIn Profile"]]>
              </value>
            </param>
          </params>
          <exception class="org.openqa.selenium.TimeoutException">
            <message>
              <![CDATA[Expected condition failed: waiting for element to be clickable: Proxy element for: DefaultElementLocator 'By.xpath: //textarea[@id='gai-text-form-component-profileEditFormElement-SUMMARY-profile-ACoAAD-ezrEBBg2rc9JVoInotAHvukqigQez-tE-summary']' (tried for 8 second(s) with 500 milliseconds interval)]]>
            </message>
            <full-stacktrace>
              <![CDATA[org.openqa.selenium.TimeoutException: Expected condition failed: waiting for element to be clickable: Proxy element for: DefaultElementLocator 'By.xpath: //textarea[@id='gai-text-form-component-profileEditFormElement-SUMMARY-profile-ACoAAD-ezrEBBg2rc9JVoInotAHvukqigQez-tE-summary']' (tried for 8 second(s) with 500 milliseconds interval)
at org.openqa.selenium.support.ui.WebDriverWait.timeoutException(WebDriverWait.java:84)
at org.openqa.selenium.support.ui.FluentWait.until(FluentWait.java:228)
at com.pages.BasePage.waitUntilElementIsClickable(BasePage.java:30)
at com.pages.AddAboutPage.addAboutValid(AddAboutPage.java:41)
at com.stepdefinition.LinkedInTest.user_enters_valid_data_in_about_field_using_datatable(LinkedInTest.java:110)
at ✽.user enters valid data in about field using datatable(file:///C:/Windows/System32/config/systemprofile/eclipse-workspace/LinkedInProject/LinkedIn_Profile/src/test/resource/Feature/LinkedInProfile.feature:44)
Caused by: org.openqa.selenium.NoSuchElementException: no such element: Unable to locate element: {"method":"xpath","selector":"//textarea[@id='gai-text-form-component-profileEditFormElement-SUMMARY-profile-ACoAAD-ezrEBBg2rc9JVoInotAHvukqigQez-tE-summary']"}
  (Session info: MicrosoftEdge=138.0.3351.77)
For documentation on this error, please visit: https://www.selenium.dev/documentation/webdriver/troubleshooting/errors#no-such-element-exception
Build info: version: '4.33.0', revision: '2c6aaad03a'
System info: os.name: 'Windows 11', os.arch: 'amd64', os.version: '10.0', java.version: '17.0.15'
Driver info: org.openqa.selenium.edge.EdgeDriver
Command: [bb49ac53fa2c3fb418015920037efcbe, findElement {value=//textarea[@id='gai-text-form-component-profileEditFormElement-SUMMARY-profile-ACoAAD-ezrEBBg2rc9JVoInotAHvukqigQez-tE-summary'], using=xpath}]
Capabilities {acceptInsecureCerts: false, browserName: MicrosoftEdge, browserVersion: 138.0.3351.77, fedcm:accounts: true, ms:edgeOptions: {debuggerAddress: localhost:57186}, msedge: {msedgedriverVersion: 138.0.3351.77 (efaf6935b436..., userDataDir: C:\Users\SHRAWSHI\AppData\L...}, networkConnectionEnabled: false, pageLoadStrategy: normal, platformName: windows, proxy: Proxy(), se:cdp: ws://localhost:57186/devtoo..., se:cdpVersion: 138.0.3351.77, setWindowRect: true, strictFileInteractability: false, timeouts: {implicit: 0, pageLoad: 300000, script: 30000}, unhandledPromptBehavior: dismiss and notify, webauthn:extension:credBlob: true, webauthn:extension:largeBlob: true, webauthn:extension:minPinLength: true, webauthn:extension:prf: true, webauthn:virtualAuthenticators: true}
Session ID: bb49ac53fa2c3fb418015920037efcbe
at jdk.internal.reflect.GeneratedConstructorAccessor25.newInstance(Unknown Source)
at java.base/jdk.internal.reflect.DelegatingConstructorAccessorImpl.newInstance(DelegatingConstructorAccessorImpl.java:45)
at java.base/java.lang.reflect.Constructor.newInstanceWithCaller(Constructor.java:500)
at java.base/java.lang.reflect.Constructor.newInstance(Constructor.java:481)
at org.openqa.selenium.remote.ErrorCodec.decode(ErrorCodec.java:167)
at org.openqa.selenium.remote.codec.w3c.W3CHttpResponseCodec.decode(W3CHttpResponseCodec.java:138)
at org.openqa.selenium.remote.codec.w3c.W3CHttpResponseCodec.decode(W3CHttpResponseCodec.java:50)
at org.openqa.selenium.remote.HttpCommandExecutor.execute(HttpCommandExecutor.java:215)
at org.openqa.selenium.remote.service.DriverCommandExecutor.invokeExecute(DriverCommandExecutor.java:216)
at org.openqa.selenium.remote.service.DriverCommandExecutor.execute(DriverCommandExecutor.java:174)
at org.openqa.selenium.remote.RemoteWebDriver.execute(RemoteWebDriver.java:544)
at org.openqa.selenium.remote.ElementLocation$ElementFinder$2.findElement(ElementLocation.java:165)
at org.openqa.selenium.remote.ElementLocation.findElement(ElementLocation.java:59)
at org.openqa.selenium.remote.RemoteWebDriver.findElement(RemoteWebDriver.java:367)
at org.openqa.selenium.remote.RemoteWebDriver.findElement(RemoteWebDriver.java:361)
at org.openqa.selenium.support.pagefactory.DefaultElementLocator.findElement(DefaultElementLocator.java:68)
at org.openqa.selenium.support.pagefactory.internal.LocatingElementHandler.invoke(LocatingElementHandler.java:38)
at jdk.proxy2/jdk.proxy2.$Proxy25.isDisplayed(Unknown Source)
at org.openqa.selenium.support.ui.ExpectedConditions.elementIfVisible(ExpectedConditions.java:304)
at org.openqa.selenium.support.ui.ExpectedConditions$10.apply(ExpectedConditions.java:290)
at org.openqa.selenium.support.ui.ExpectedConditions$10.apply(ExpectedConditions.java:287)
at org.openqa.selenium.support.ui.ExpectedConditions$23.apply(ExpectedConditions.java:656)
at org.openqa.selenium.support.ui.ExpectedConditions$23.apply(ExpectedConditions.java:652)
at org.openqa.selenium.support.ui.FluentWait.until(FluentWait.java:203)
... 4 more
]]>
            </full-stacktrace>
          </exception> <!-- org.openqa.selenium.TimeoutException -->
          <reporter-output>
          </reporter-output>
        </test-method> <!-- runScenario -->
        <test-method signature="runScenario(io.cucumber.testng.PickleWrapper,io.cucumber.testng.FeatureWrapper)[pri:0, instance:com.runner.LinkedInRunnerWithTestNG@15888343]" started-at="2025-07-09T22:16:21 IST" name="runScenario" description="Runs Cucumber Scenarios" data-provider="scenarios" finished-at="2025-07-09T22:17:31 IST" duration-ms="69540" status="PASS">
          <params>
            <param index="0">
              <value>
                <![CDATA["Validate Add projects field in Add profile section"]]>
              </value>
            </param>
            <param index="1">
              <value>
                <![CDATA["Validate LinkedIn Profile"]]>
              </value>
            </param>
          </params>
          <reporter-output>
          </reporter-output>
        </test-method> <!-- runScenario -->
        <test-method signature="runScenario(io.cucumber.testng.PickleWrapper,io.cucumber.testng.FeatureWrapper)[pri:0, instance:com.runner.LinkedInRunnerWithTestNG@15888343]" started-at="2025-07-09T22:17:31 IST" name="runScenario" description="Runs Cucumber Scenarios" data-provider="scenarios" finished-at="2025-07-09T22:18:23 IST" duration-ms="52374" status="PASS">
          <params>
            <param index="0">
              <value>
                <![CDATA["Validate Add volunteer experience in Add profile section"]]>
              </value>
            </param>
            <param index="1">
              <value>
                <![CDATA["Validate LinkedIn Profile"]]>
              </value>
            </param>
          </params>
          <reporter-output>
          </reporter-output>
        </test-method> <!-- runScenario -->
        <test-method is-config="true" signature="tearDownClass()[pri:0, instance:com.runner.LinkedInRunnerWithTestNG@15888343]" started-at="2025-07-09T22:18:23 IST" name="tearDownClass" finished-at="2025-07-09T22:18:24 IST" duration-ms="573" status="PASS">
          <reporter-output>
          </reporter-output>
        </test-method> <!-- tearDownClass -->
      </class> <!-- com.runner.LinkedInRunnerWithTestNG -->
    </test> <!-- Default test -->
  </suite> <!-- Default suite -->
</testng-results>
