<?xml version="1.0" encoding="UTF-8"?>
<!-- Generated by org.testng.reporters.JUnitReportReporter -->
<testsuite hostname="LIN-PF2WXT7B" failures="0" tests="1" name="com.runner.TestRunnerTestNG" time="33.952" errors="1" timestamp="2025-07-03T17:36:16 IST" skipped="0">
  <testcase classname="com.runner.TestRunnerTestNG" name="runScenario" time="33.952">
    <error message="The step &#039;I should see my home pageA&#039; is undefined.
You can implement this step using the snippet(s) below:

@Then(&quot;I should see my home pageA&quot;)
public void i_should_see_my_home_page_a() {
    // Write code here that turns the phrase above into concrete actions
    throw new io.cucumber.java.PendingException();
}
" type="io.cucumber.testng.UndefinedStepException">
      <![CDATA[io.cucumber.testng.UndefinedStepException: The step 'I should see my home pageA' is undefined.
You can implement this step using the snippet(s) below:

@Then("I should see my home pageA")
public void i_should_see_my_home_page_a() {
    // Write code here that turns the phrase above into concrete actions
    throw new io.cucumber.java.PendingException();
}

at ✽.I should see my home pageA(file:///C:/Users/BHAGADE/Documents/Submmition%20Project/SprintLinkedInProject/Spring%20Demo%20Project/sprintLinkedinDemoProject/src/test/resources/Features/Profile.feature:6)
]]>
    </error>
  </testcase> <!-- runScenario -->
</testsuite> <!-- com.runner.TestRunnerTestNG -->
